app/build/outputs/logs/manifest-merger-release-report.txt
-- Merging decision tree log ---
manifest
ADDED from src\main\AndroidManifest.xml:2:1-181:12
INJECTED from src\main\AndroidManifest.xml:2:1-181:12
INJECTED from src\main\AndroidManifest.xml:2:1-181:12
INJECTED from src\main\AndroidManifest.xml:2:1-181:12
MERGED from [com.lapism:searchview:28.0.0] AndroidManifest.xml:2:1-13:12
MERGED from [com.android.support:design:28.0.0] AndroidManifest.xml:17:1-24:12
MERGED from [com.android.support:preference-v7:28.0.0] AndroidManifest.xml:17:1-22:12
MERGED from [com.gelitenight.waveview:waveview:1.0.0] AndroidManifest.xml:2:1-16:12
MERGED from [com.getkeepsafe.taptargetview:taptargetview:1.10.0] AndroidManifest.xml:2:1-8:12
MERGED from [com.yuyh.imgsel:library:2.0.6] AndroidManifest.xml:2:1-34:12
MERGED from [com.github.rasoulmiri:buttonloading:v1.0.8] AndroidManifest.xml:2:1-13:12
MERGED from [com.github.Jay-Goo:WaveLineView:v1.0.3] AndroidManifest.xml:2:1-17:12
MERGED from [com.github.pinguo-zhouwei:MZBannerView:v2.0.2] AndroidManifest.xml:2:1-17:12
MERGED from [com.yuyh.easyadapter:library:1.1.0] AndroidManifest.xml:2:1-17:12
MERGED from [com.android.support:appcompat-v7:28.0.0] AndroidManifest.xml:17:1-22:12
MERGED from [com.android.support:support-v4:28.0.0] AndroidManifest.xml:17:1-22:12
MERGED from [net.cachapa.expandablelayout:expandablelayout:2.9.2] AndroidManifest.xml:2:1-12:12
MERGED from [com.gordonwong:material-sheet-fab:1.2.1] AndroidManifest.xml:2:1-12:12
MERGED from [com.android.support.constraint:constraint-layout:1.1.3] AndroidManifest.xml:2:1-11:12
MERGED from [tyrantgit:explosionfield:1.0.1] AndroidManifest.xml:2:1-16:12
MERGED from [jp.wasabeef:glide-transformations:2.0.1] AndroidManifest.xml:2:1-12:12
MERGED from [com.github.bumptech.glide:glide:4.9.0] AndroidManifest.xml:2:1-12:12
MERGED from [com.azoft.carousellayoutmanager:carousel:1.2.4] AndroidManifest.xml:2:1-13:12
MERGED from [com.bm.photoview:library:1.4.1] AndroidManifest.xml:2:1-14:12
MERGED from [com.github.clans:fab:1.6.4] AndroidManifest.xml:2:1-14:12
MERGED from [com.github.lzyzsd:circleprogress:1.2.1] AndroidManifest.xml:2:1-12:12
MERGED from [com.tencent.bugly:crashreport_upgrade:1.4.1] AndroidManifest.xml:2:1-47:12
MERGED from [com.tencent.bugly:nativecrashreport:3.7.1] AndroidManifest.xml:2:1-9:12
MERGED from [com.cncoderx.wheelview:library:1.2.2] AndroidManifest.xml:2:1-17:12
MERGED from [com.github.vipulasri:timelineview:1.1.0] AndroidManifest.xml:2:1-17:12
MERGED from [io.reactivex.rxjava2:rxandroid:2.1.0] AndroidManifest.xml:15:1-20:12
MERGED from [com.android.support:support-fragment:28.0.0] AndroidManifest.xml:17:1-22:12
MERGED from [com.android.support:animated-vector-drawable:28.0.0] AndroidManifest.xml:17:1-22:12
MERGED from [com.android.support:recyclerview-v7:28.0.0] AndroidManifest.xml:17:1-22:12
MERGED from [com.android.support:support-core-ui:28.0.0] AndroidManifest.xml:17:1-22:12
MERGED from [com.android.support:support-core-utils:28.0.0] AndroidManifest.xml:17:1-22:12
MERGED from [com.android.support:support-vector-drawable:28.0.0] AndroidManifest.xml:17:1-22:12
MERGED from [com.android.support:support-media-compat:28.0.0] AndroidManifest.xml:17:1-22:12
MERGED from [com.android.support:transition:28.0.0] AndroidManifest.xml:17:1-22:12
MERGED from [com.android.support:loader:28.0.0] AndroidManifest.xml:17:1-22:12
MERGED from [com.android.support:viewpager:28.0.0] AndroidManifest.xml:17:1-22:12
MERGED from [com.android.support:coordinatorlayout:28.0.0] AndroidManifest.xml:17:1-22:12
MERGED from [com.android.support:drawerlayout:28.0.0] AndroidManifest.xml:17:1-22:12
MERGED from [com.android.support:slidingpanelayout:28.0.0] AndroidManifest.xml:17:1-22:12
MERGED from [com.android.support:customview:28.0.0] AndroidManifest.xml:17:1-22:12
MERGED from [com.android.support:swiperefreshlayout:28.0.0] AndroidManifest.xml:17:1-22:12
MERGED from [com.android.support:asynclayoutinflater:28.0.0] AndroidManifest.xml:17:1-22:12
MERGED from [com.android.support:support-compat:28.0.0] AndroidManifest.xml:17:1-24:12
MERGED from [com.android.support:versionedparcelable:28.0.0] AndroidManifest.xml:17:1-25:12
MERGED from [com.android.support:cursoradapter:28.0.0] AndroidManifest.xml:17:1-22:12
MERGED from [com.android.support:cardview-v7:28.0.0] AndroidManifest.xml:17:1-22:12
MERGED from [com.github.bumptech.glide:gifdecoder:4.9.0] AndroidManifest.xml:2:1-11:12
MERGED from [android.arch.lifecycle:runtime:1.1.1] AndroidManifest.xml:17:1-22:12
MERGED from [com.android.support:documentfile:28.0.0] AndroidManifest.xml:17:1-22:12
MERGED from [com.android.support:localbroadcastmanager:28.0.0] AndroidManifest.xml:17:1-22:12
MERGED from [com.android.support:print:28.0.0] AndroidManifest.xml:17:1-22:12
MERGED from [android.arch.lifecycle:viewmodel:1.1.1] AndroidManifest.xml:17:1-22:12
MERGED from [com.android.support:interpolator:28.0.0] AndroidManifest.xml:17:1-22:12
MERGED from [android.arch.lifecycle:livedata:1.1.1] AndroidManifest.xml:17:1-22:12
MERGED from [android.arch.lifecycle:livedata-core:1.1.1] AndroidManifest.xml:17:1-22:12
MERGED from [android.arch.core:runtime:1.1.1] AndroidManifest.xml:17:1-22:12
MERGED from [com.github.asyl.animation:arcanimator:1.0.0] AndroidManifest.xml:2:1-14:12
INJECTED from src\main\AndroidManifest.xml:2:1-181:12
INJECTED from src\main\AndroidManifest.xml:2:1-181:12
INJECTED from src\main\AndroidManifest.xml:2:1-181:12
	package
		ADDED from src\main\AndroidManifest.xml:4:5-34
		INJECTED from src\main\AndroidManifest.xml
		INJECTED from src\main\AndroidManifest.xml
	android:versionName
		INJECTED from src\main\AndroidManifest.xml
		ADDED from src\main\AndroidManifest.xml:2:1-181:12
		INJECTED from src\main\AndroidManifest.xml
	xmlns:tools
		ADDED from src\main\AndroidManifest.xml:3:5-51
	android:versionCode
		INJECTED from src\main\AndroidManifest.xml
		ADDED from src\main\AndroidManifest.xml:2:1-181:12
		INJECTED from src\main\AndroidManifest.xml
	xmlns:android
		ADDED from src\main\AndroidManifest.xml:2:11-69
uses-permission#android.permission.READ_EXTERNAL_STORAGE
ADDED from src\main\AndroidManifest.xml:6:5-80
	android:name
		ADDED from src\main\AndroidManifest.xml:6:22-77
uses-permission#android.permission.WRITE_EXTERNAL_STORAGE
ADDED from src\main\AndroidManifest.xml:7:5-81
MERGED from [com.tencent.bugly:crashreport_upgrade:1.4.1] AndroidManifest.xml:16:5-81
MERGED from [com.tencent.bugly:crashreport_upgrade:1.4.1] AndroidManifest.xml:16:5-81
	android:name
		ADDED from src\main\AndroidManifest.xml:7:22-78
uses-permission#android.permission.INTERNET
ADDED from src\main\AndroidManifest.xml:8:5-67
MERGED from [com.tencent.bugly:crashreport_upgrade:1.4.1] AndroidManifest.xml:12:5-67
MERGED from [com.tencent.bugly:crashreport_upgrade:1.4.1] AndroidManifest.xml:12:5-67
	android:name
		ADDED from src\main\AndroidManifest.xml:8:22-64
uses-permission#android.permission.RECORD_AUDIO
ADDED from src\main\AndroidManifest.xml:9:5-71
	android:name
		ADDED from src\main\AndroidManifest.xml:9:22-68
uses-permission#android.permission.ACCESS_NETWORK_STATE
ADDED from src\main\AndroidManifest.xml:10:5-79
MERGED from [com.tencent.bugly:crashreport_upgrade:1.4.1] AndroidManifest.xml:13:5-79
MERGED from [com.tencent.bugly:crashreport_upgrade:1.4.1] AndroidManifest.xml:13:5-79
	android:name
		ADDED from src\main\AndroidManifest.xml:10:22-76
uses-permission#android.permission.ACCESS_WIFI_STATE
ADDED from src\main\AndroidManifest.xml:11:5-76
MERGED from [com.tencent.bugly:crashreport_upgrade:1.4.1] AndroidManifest.xml:14:5-76
MERGED from [com.tencent.bugly:crashreport_upgrade:1.4.1] AndroidManifest.xml:14:5-76
	android:name
		ADDED from src\main\AndroidManifest.xml:11:22-73
uses-permission#android.permission.CHANGE_NETWORK_STATE
ADDED from src\main\AndroidManifest.xml:12:5-79
	android:name
		ADDED from src\main\AndroidManifest.xml:12:22-76
uses-permission#android.permission.READ_PHONE_STATE
ADDED from src\main\AndroidManifest.xml:13:5-75
MERGED from [com.tencent.bugly:crashreport_upgrade:1.4.1] AndroidManifest.xml:11:5-75
MERGED from [com.tencent.bugly:crashreport_upgrade:1.4.1] AndroidManifest.xml:11:5-75
	android:name
		ADDED from src\main\AndroidManifest.xml:13:22-72
uses-permission#android.permission.READ_CONTACTS
ADDED from src\main\AndroidManifest.xml:14:5-72
	android:name
		ADDED from src\main\AndroidManifest.xml:14:22-69
uses-permission#android.permission.ACCESS_FINE_LOCATION
ADDED from src\main\AndroidManifest.xml:17:5-79
	android:name
		ADDED from src\main\AndroidManifest.xml:17:22-76
uses-permission#android.permission.CAMERA
ADDED from src\main\AndroidManifest.xml:18:5-65
	android:name
		ADDED from src\main\AndroidManifest.xml:18:22-62
uses-permission#android.permission.WAKE_LOCK
ADDED from src\main\AndroidManifest.xml:20:5-68
	android:name
		ADDED from src\main\AndroidManifest.xml:20:22-65
uses-permission#android.permission.READ_LOGS
ADDED from src\main\AndroidManifest.xml:21:5-23:47
MERGED from [com.tencent.bugly:crashreport_upgrade:1.4.1] AndroidManifest.xml:15:5-68
MERGED from [com.tencent.bugly:crashreport_upgrade:1.4.1] AndroidManifest.xml:15:5-68
	tools:ignore
		ADDED from src\main\AndroidManifest.xml:23:9-44
	android:name
		ADDED from src\main\AndroidManifest.xml:22:9-52
uses-permission#android.permission.REQUEST_INSTALL_PACKAGES
ADDED from src\main\AndroidManifest.xml:24:5-83
MERGED from [com.tencent.bugly:crashreport_upgrade:1.4.1] AndroidManifest.xml:17:5-83
MERGED from [com.tencent.bugly:crashreport_upgrade:1.4.1] AndroidManifest.xml:17:5-83
	android:name
		ADDED from src\main\AndroidManifest.xml:24:22-80
uses-permission#android.permission.ACCESS_COARSE_LOCATION
ADDED from src\main\AndroidManifest.xml:25:5-81
	android:name
		ADDED from src\main\AndroidManifest.xml:25:22-78
uses-permission#android.permission.CHANGE_WIFI_STATE
ADDED from src\main\AndroidManifest.xml:28:5-76
	android:name
		ADDED from src\main\AndroidManifest.xml:28:22-73
uses-permission#android.permission.ACCESS_LOCATION_EXTRA_COMMANDS
ADDED from src\main\AndroidManifest.xml:29:5-89
	android:name
		ADDED from src\main\AndroidManifest.xml:29:22-86
uses-permission#android.permission.BLUETOOTH
ADDED from src\main\AndroidManifest.xml:30:5-68
	android:name
		ADDED from src\main\AndroidManifest.xml:30:22-65
uses-permission#android.permission.BLUETOOTH_ADMIN
ADDED from src\main\AndroidManifest.xml:31:5-74
	android:name
		ADDED from src\main\AndroidManifest.xml:31:22-71
meta-data#IFLYTEK_APPKEY
ADDED from src\main\AndroidManifest.xml:33:5-35:36
	android:value
		ADDED from src\main\AndroidManifest.xml:35:9-33
	android:name
		ADDED from src\main\AndroidManifest.xml:34:9-38
uses-permission#android.permission.GET_ACCOUNTS
ADDED from src\main\AndroidManifest.xml:36:5-71
	android:name
		ADDED from src\main\AndroidManifest.xml:36:22-68
uses-permission#android.permission.READ_PROFILE
ADDED from src\main\AndroidManifest.xml:37:5-71
	android:name
		ADDED from src\main\AndroidManifest.xml:37:22-68
application
ADDED from src\main\AndroidManifest.xml:39:5-179:19
MERGED from [com.lapism:searchview:28.0.0] AndroidManifest.xml:11:5-47
MERGED from [com.lapism:searchview:28.0.0] AndroidManifest.xml:11:5-47
MERGED from [com.android.support:design:28.0.0] AndroidManifest.xml:22:5-20
MERGED from [com.android.support:design:28.0.0] AndroidManifest.xml:22:5-20
MERGED from [com.gelitenight.waveview:waveview:1.0.0] AndroidManifest.xml:11:5-14:19
MERGED from [com.gelitenight.waveview:waveview:1.0.0] AndroidManifest.xml:11:5-14:19
MERGED from [com.yuyh.imgsel:library:2.0.6] AndroidManifest.xml:11:5-32:19
MERGED from [com.yuyh.imgsel:library:2.0.6] AndroidManifest.xml:11:5-32:19
MERGED from [com.github.rasoulmiri:buttonloading:v1.0.8] AndroidManifest.xml:11:5-20
MERGED from [com.github.rasoulmiri:buttonloading:v1.0.8] AndroidManifest.xml:11:5-20
MERGED from [com.github.Jay-Goo:WaveLineView:v1.0.3] AndroidManifest.xml:11:5-15:19
MERGED from [com.github.Jay-Goo:WaveLineView:v1.0.3] AndroidManifest.xml:11:5-15:19
MERGED from [com.github.pinguo-zhouwei:MZBannerView:v2.0.2] AndroidManifest.xml:11:5-15:19
MERGED from [com.github.pinguo-zhouwei:MZBannerView:v2.0.2] AndroidManifest.xml:11:5-15:19
MERGED from [com.yuyh.easyadapter:library:1.1.0] AndroidManifest.xml:11:5-15:19
MERGED from [com.yuyh.easyadapter:library:1.1.0] AndroidManifest.xml:11:5-15:19
MERGED from [com.gordonwong:material-sheet-fab:1.2.1] AndroidManifest.xml:10:5-20
MERGED from [com.gordonwong:material-sheet-fab:1.2.1] AndroidManifest.xml:10:5-20
MERGED from [com.android.support.constraint:constraint-layout:1.1.3] AndroidManifest.xml:9:5-20
MERGED from [com.android.support.constraint:constraint-layout:1.1.3] AndroidManifest.xml:9:5-20
MERGED from [tyrantgit:explosionfield:1.0.1] AndroidManifest.xml:11:5-14:19
MERGED from [tyrantgit:explosionfield:1.0.1] AndroidManifest.xml:11:5-14:19
MERGED from [com.github.bumptech.glide:glide:4.9.0] AndroidManifest.xml:10:5-20
MERGED from [com.github.bumptech.glide:glide:4.9.0] AndroidManifest.xml:10:5-20
MERGED from [com.azoft.carousellayoutmanager:carousel:1.2.4] AndroidManifest.xml:11:5-20
MERGED from [com.azoft.carousellayoutmanager:carousel:1.2.4] AndroidManifest.xml:11:5-20
MERGED from [com.bm.photoview:library:1.4.1] AndroidManifest.xml:11:5-12:19
MERGED from [com.bm.photoview:library:1.4.1] AndroidManifest.xml:11:5-12:19
MERGED from [com.github.clans:fab:1.6.4] AndroidManifest.xml:12:5-20
MERGED from [com.github.clans:fab:1.6.4] AndroidManifest.xml:12:5-20
MERGED from [com.tencent.bugly:crashreport_upgrade:1.4.1] AndroidManifest.xml:20:5-45:19
MERGED from [com.tencent.bugly:crashreport_upgrade:1.4.1] AndroidManifest.xml:20:5-45:19
MERGED from [com.cncoderx.wheelview:library:1.2.2] AndroidManifest.xml:11:5-15:19
MERGED from [com.cncoderx.wheelview:library:1.2.2] AndroidManifest.xml:11:5-15:19
MERGED from [com.github.vipulasri:timelineview:1.1.0] AndroidManifest.xml:11:5-15:19
MERGED from [com.github.vipulasri:timelineview:1.1.0] AndroidManifest.xml:11:5-15:19
MERGED from [com.android.support:support-compat:28.0.0] AndroidManifest.xml:22:5-94
MERGED from [com.android.support:support-compat:28.0.0] AndroidManifest.xml:22:5-94
MERGED from [com.android.support:versionedparcelable:28.0.0] AndroidManifest.xml:22:5-23:19
MERGED from [com.android.support:versionedparcelable:28.0.0] AndroidManifest.xml:22:5-23:19
MERGED from [com.github.bumptech.glide:gifdecoder:4.9.0] AndroidManifest.xml:9:5-20
MERGED from [com.github.bumptech.glide:gifdecoder:4.9.0] AndroidManifest.xml:9:5-20
MERGED from [com.github.asyl.animation:arcanimator:1.0.0] AndroidManifest.xml:11:5-12:19
MERGED from [com.github.asyl.animation:arcanimator:1.0.0] AndroidManifest.xml:11:5-12:19
	android:appComponentFactory
		ADDED from [com.android.support:support-compat:28.0.0] AndroidManifest.xml:22:18-91
	android:supportsRtl
		ADDED from src\main\AndroidManifest.xml:44:9-35
	android:label
		ADDED from src\main\AndroidManifest.xml:43:9-41
	tools:ignore
		ADDED from src\main\AndroidManifest.xml:46:9-60
	android:icon
		ADDED from src\main\AndroidManifest.xml:42:9-49
	android:allowBackup
		ADDED from src\main\AndroidManifest.xml:41:9-35
	android:usesCleartextTraffic
		ADDED from src\main\AndroidManifest.xml:45:9-44
	android:name
		ADDED from src\main\AndroidManifest.xml:40:9-40
activity#com.stupidtree.hita.activities.ActivityEmptyClassroomDetail
ADDED from src\main\AndroidManifest.xml:47:9-86
	android:name
		ADDED from src\main\AndroidManifest.xml:47:19-74
activity#com.stupidtree.hita.activities.ActivityEmptyClassroom
ADDED from src\main\AndroidManifest.xml:48:9-71
	android:name
		ADDED from src\main\AndroidManifest.xml:48:19-68
activity#com.stupidtree.hita.activities.ActivityPostDetail
ADDED from src\main\AndroidManifest.xml:49:9-67
	android:name
		ADDED from src\main\AndroidManifest.xml:49:19-64
activity#com.stupidtree.hita.activities.ActivityUserProfile
ADDED from src\main\AndroidManifest.xml:50:9-53:59
	android:label
		ADDED from src\main\AndroidManifest.xml:52:13-64
	android:theme
		ADDED from src\main\AndroidManifest.xml:53:13-56
	android:name
		ADDED from src\main\AndroidManifest.xml:51:13-59
activity#com.stupidtree.hita.activities.ActivityLocation
ADDED from src\main\AndroidManifest.xml:54:9-65
	android:name
		ADDED from src\main\AndroidManifest.xml:54:19-62
service#com.stupidtree.hita.WidgetService
ADDED from src\main\AndroidManifest.xml:56:9-62:19
	android:name
		ADDED from src\main\AndroidManifest.xml:56:18-47
intent-filter#action:name:android.appwidget.action.APP_WIDGET_SERVICE
ADDED from src\main\AndroidManifest.xml:57:13-61:29
action#android.appwidget.action.APP_WIDGET_SERVICE
ADDED from src\main\AndroidManifest.xml:60:17-86
	android:name
		ADDED from src\main\AndroidManifest.xml:60:25-83
receiver#com.stupidtree.hita.TimeLineWidget
ADDED from src\main\AndroidManifest.xml:64:9-73:20
	android:name
		ADDED from src\main\AndroidManifest.xml:64:19-49
intent-filter#action:name:android.appwidget.action.APPWIDGET_UPDATE+action:name:com.stupidtree.hita.UPDATE_ALL
ADDED from src\main\AndroidManifest.xml:65:13-68:29
action#android.appwidget.action.APPWIDGET_UPDATE
ADDED from src\main\AndroidManifest.xml:66:17-84
	android:name
		ADDED from src\main\AndroidManifest.xml:66:25-81
action#com.stupidtree.hita.UPDATE_ALL
ADDED from src\main\AndroidManifest.xml:67:17-73
	android:name
		ADDED from src\main\AndroidManifest.xml:67:25-70
meta-data#android.appwidget.provider
ADDED from src\main\AndroidManifest.xml:70:13-72:65
	android:resource
		ADDED from src\main\AndroidManifest.xml:72:17-62
	android:name
		ADDED from src\main\AndroidManifest.xml:71:17-58
receiver#com.stupidtree.hita.NotificationClickReceiver
ADDED from src\main\AndroidManifest.xml:74:9-63
	android:name
		ADDED from src\main\AndroidManifest.xml:74:19-60
activity#com.stupidtree.hita.activities.ActivitySetting
ADDED from src\main\AndroidManifest.xml:76:9-64
	android:name
		ADDED from src\main\AndroidManifest.xml:76:19-61
service#com.amap.api.location.APSService
ADDED from src\main\AndroidManifest.xml:78:9-68
	android:name
		ADDED from src\main\AndroidManifest.xml:78:18-65
provider#cn.bmob.v3.util.BmobContentProvider
ADDED from src\main\AndroidManifest.xml:80:9-82:77
	android:authorities
		ADDED from src\main\AndroidManifest.xml:82:13-74
	android:name
		ADDED from src\main\AndroidManifest.xml:81:13-63
activity#com.stupidtree.hita.activities.ActivityRankBoard
ADDED from src\main\AndroidManifest.xml:84:9-87:59
	android:label
		ADDED from src\main\AndroidManifest.xml:86:13-56
	android:theme
		ADDED from src\main\AndroidManifest.xml:87:13-56
	android:name
		ADDED from src\main\AndroidManifest.xml:85:13-57
activity#com.stupidtree.hita.activities.ActivityTeacher
ADDED from src\main\AndroidManifest.xml:88:9-90:59
	android:theme
		ADDED from src\main\AndroidManifest.xml:90:13-56
	android:name
		ADDED from src\main\AndroidManifest.xml:89:13-55
activity#com.stupidtree.hita.activities.ActivitySubjectManager
ADDED from src\main\AndroidManifest.xml:91:9-93:47
	android:theme
		ADDED from src\main\AndroidManifest.xml:93:13-44
	android:name
		ADDED from src\main\AndroidManifest.xml:92:13-62
activity#com.stupidtree.hita.activities.ActivityDynamicTable
ADDED from src\main\AndroidManifest.xml:94:9-69
	android:name
		ADDED from src\main\AndroidManifest.xml:94:19-66
activity#com.stupidtree.hita.activities.ActivityTheme
ADDED from src\main\AndroidManifest.xml:95:9-62
	android:name
		ADDED from src\main\AndroidManifest.xml:95:19-59
activity#com.stupidtree.hita.activities.ActivityCourse
ADDED from src\main\AndroidManifest.xml:96:9-99:47
	android:label
		ADDED from src\main\AndroidManifest.xml:98:13-57
	android:theme
		ADDED from src\main\AndroidManifest.xml:99:13-44
	android:name
		ADDED from src\main\AndroidManifest.xml:97:13-54
activity#com.stupidtree.hita.activities.ActivityJWTS
ADDED from src\main\AndroidManifest.xml:100:9-102:47
	android:theme
		ADDED from src\main\AndroidManifest.xml:102:13-44
	android:name
		ADDED from src\main\AndroidManifest.xml:101:13-52
activity#com.stupidtree.hita.activities.ActivityAboutHITA
ADDED from src\main\AndroidManifest.xml:103:9-105:47
	android:theme
		ADDED from src\main\AndroidManifest.xml:105:13-44
	android:name
		ADDED from src\main\AndroidManifest.xml:104:13-57
activity#com.tencent.bugly.beta.ui.BetaActivity
ADDED from src\main\AndroidManifest.xml:106:9-109:64
MERGED from [com.tencent.bugly:crashreport_upgrade:1.4.1] AndroidManifest.xml:23:9-27:56
MERGED from [com.tencent.bugly:crashreport_upgrade:1.4.1] AndroidManifest.xml:23:9-27:56
	android:configChanges
		ADDED from src\main\AndroidManifest.xml:108:13-81
	android:theme
		ADDED from src\main\AndroidManifest.xml:109:13-61
	tools:replace
		ADDED from [com.tencent.bugly:crashreport_upgrade:1.4.1] AndroidManifest.xml:27:13-53
	android:name
		ADDED from src\main\AndroidManifest.xml:107:13-66
activity#com.stupidtree.hita.activities.ActivityNewsDetail
ADDED from src\main\AndroidManifest.xml:110:9-112:47
	android:theme
		ADDED from src\main\AndroidManifest.xml:112:13-44
	android:name
		ADDED from src\main\AndroidManifest.xml:111:13-58
activity#com.stupidtree.hita.activities.ActivityLostAndFound
ADDED from src\main\AndroidManifest.xml:113:9-115:47
	android:theme
		ADDED from src\main\AndroidManifest.xml:115:13-44
	android:name
		ADDED from src\main\AndroidManifest.xml:114:13-60
activity#com.stupidtree.hita.activities.ActivityLoginJWTS
ADDED from src\main\AndroidManifest.xml:116:9-119:47
	android:label
		ADDED from src\main\AndroidManifest.xml:118:13-55
	android:theme
		ADDED from src\main\AndroidManifest.xml:119:13-44
	android:name
		ADDED from src\main\AndroidManifest.xml:117:13-57
activity#com.stupidtree.hita.activities.ActivityHITSZInfo
ADDED from src\main\AndroidManifest.xml:120:9-122:47
	android:theme
		ADDED from src\main\AndroidManifest.xml:122:13-44
	android:name
		ADDED from src\main\AndroidManifest.xml:121:13-57
activity#com.stupidtree.hita.activities.ActivityLogin
ADDED from src\main\AndroidManifest.xml:123:9-125:47
	android:theme
		ADDED from src\main\AndroidManifest.xml:125:13-44
	android:name
		ADDED from src\main\AndroidManifest.xml:124:13-53
activity#com.stupidtree.hita.activities.ActivityTimeTable
ADDED from src\main\AndroidManifest.xml:126:9-128:47
	android:theme
		ADDED from src\main\AndroidManifest.xml:128:13-44
	android:name
		ADDED from src\main\AndroidManifest.xml:127:13-57
activity#com.stupidtree.hita.activities.ActivitySubject
ADDED from src\main\AndroidManifest.xml:129:9-132:47
	android:label
		ADDED from src\main\AndroidManifest.xml:131:13-59
	android:theme
		ADDED from src\main\AndroidManifest.xml:132:13-44
	android:name
		ADDED from src\main\AndroidManifest.xml:130:13-55
activity#com.stupidtree.hita.activities.ActivityNoteDetail
ADDED from src\main\AndroidManifest.xml:133:9-135:47
	android:theme
		ADDED from src\main\AndroidManifest.xml:135:13-44
	android:name
		ADDED from src\main\AndroidManifest.xml:134:13-58
activity#com.stupidtree.hita.activities.ActivityNotes
ADDED from src\main\AndroidManifest.xml:136:9-139:47
	android:label
		ADDED from src\main\AndroidManifest.xml:138:13-57
	android:theme
		ADDED from src\main\AndroidManifest.xml:139:13-44
	android:name
		ADDED from src\main\AndroidManifest.xml:137:13-53
activity#com.stupidtree.hita.activities.ActivityUniversity
ADDED from src\main\AndroidManifest.xml:140:9-142:47
	android:theme
		ADDED from src\main\AndroidManifest.xml:142:13-44
	android:name
		ADDED from src\main\AndroidManifest.xml:141:13-58
activity#com.stupidtree.hita.activities.ActivityMain
ADDED from src\main\AndroidManifest.xml:143:9-146:47
	android:launchMode
		ADDED from src\main\AndroidManifest.xml:145:13-44
	android:theme
		ADDED from src\main\AndroidManifest.xml:146:13-44
	android:name
		ADDED from src\main\AndroidManifest.xml:144:13-52
activity#com.stupidtree.hita.activities.ActivityCampusLocations
ADDED from src\main\AndroidManifest.xml:147:9-72
	android:name
		ADDED from src\main\AndroidManifest.xml:147:19-69
activity#com.stupidtree.hita.activities.ActivityCurriculumManager
ADDED from src\main\AndroidManifest.xml:148:9-151:47
	android:label
		ADDED from src\main\AndroidManifest.xml:150:13-63
	android:theme
		ADDED from src\main\AndroidManifest.xml:151:13-44
	android:name
		ADDED from src\main\AndroidManifest.xml:149:13-65
activity#com.stupidtree.hita.activities.ActivitySplash
ADDED from src\main\AndroidManifest.xml:152:9-160:20
	android:theme
		ADDED from src\main\AndroidManifest.xml:154:13-47
	android:name
		ADDED from src\main\AndroidManifest.xml:153:13-54
intent-filter#action:name:android.intent.action.MAIN+category:name:android.intent.category.LAUNCHER
ADDED from src\main\AndroidManifest.xml:155:13-159:29
action#android.intent.action.MAIN
ADDED from src\main\AndroidManifest.xml:156:17-69
	android:name
		ADDED from src\main\AndroidManifest.xml:156:25-66
category#android.intent.category.LAUNCHER
ADDED from src\main\AndroidManifest.xml:158:17-77
	android:name
		ADDED from src\main\AndroidManifest.xml:158:27-74
activity#com.stupidtree.hita.activities.ActivityUserCenter
ADDED from src\main\AndroidManifest.xml:161:9-164:47
	android:label
		ADDED from src\main\AndroidManifest.xml:163:13-63
	android:theme
		ADDED from src\main\AndroidManifest.xml:164:13-44
	android:name
		ADDED from src\main\AndroidManifest.xml:162:13-58
activity#com.stupidtree.hita.activities.ActivityChatbot
ADDED from src\main\AndroidManifest.xml:165:9-168:67
	android:windowSoftInputMode
		ADDED from src\main\AndroidManifest.xml:168:13-64
	android:theme
		ADDED from src\main\AndroidManifest.xml:167:13-48
	android:name
		ADDED from src\main\AndroidManifest.xml:166:13-55
activity#com.stupidtree.hita.activities.ActivityExplore
ADDED from src\main\AndroidManifest.xml:169:9-171:47
	android:theme
		ADDED from src\main\AndroidManifest.xml:171:13-44
	android:name
		ADDED from src\main\AndroidManifest.xml:170:13-55
activity#com.stupidtree.hita.activities.ActivityWalkRouteDetail
ADDED from src\main\AndroidManifest.xml:172:9-174:47
	android:theme
		ADDED from src\main\AndroidManifest.xml:174:13-44
	android:name
		ADDED from src\main\AndroidManifest.xml:173:13-63
meta-data#com.amap.api.v2.apikey
ADDED from src\main\AndroidManifest.xml:176:9-178:64
	android:value
		ADDED from src\main\AndroidManifest.xml:178:13-61
	android:name
		ADDED from src\main\AndroidManifest.xml:177:13-50
uses-sdk
INJECTED from src\main\AndroidManifest.xml reason: use-sdk injection requested
INJECTED from src\main\AndroidManifest.xml
INJECTED from src\main\AndroidManifest.xml
MERGED from [com.lapism:searchview:28.0.0] AndroidManifest.xml:7:5-9:41
MERGED from [com.lapism:searchview:28.0.0] AndroidManifest.xml:7:5-9:41
MERGED from [com.android.support:design:28.0.0] AndroidManifest.xml:20:5-44
MERGED from [com.android.support:design:28.0.0] AndroidManifest.xml:20:5-44
MERGED from [com.android.support:preference-v7:28.0.0] AndroidManifest.xml:20:5-44
MERGED from [com.android.support:preference-v7:28.0.0] AndroidManifest.xml:20:5-44
MERGED from [com.gelitenight.waveview:waveview:1.0.0] AndroidManifest.xml:7:5-9:41
MERGED from [com.gelitenight.waveview:waveview:1.0.0] AndroidManifest.xml:7:5-9:41
MERGED from [com.getkeepsafe.taptargetview:taptargetview:1.10.0] AndroidManifest.xml:6:5-44
MERGED from [com.getkeepsafe.taptargetview:taptargetview:1.10.0] AndroidManifest.xml:6:5-44
MERGED from [com.yuyh.imgsel:library:2.0.6] AndroidManifest.xml:7:5-9:41
MERGED from [com.yuyh.imgsel:library:2.0.6] AndroidManifest.xml:7:5-9:41
MERGED from [com.github.rasoulmiri:buttonloading:v1.0.8] AndroidManifest.xml:7:5-9:41
MERGED from [com.github.rasoulmiri:buttonloading:v1.0.8] AndroidManifest.xml:7:5-9:41
MERGED from [com.github.Jay-Goo:WaveLineView:v1.0.3] AndroidManifest.xml:7:5-9:41
MERGED from [com.github.Jay-Goo:WaveLineView:v1.0.3] AndroidManifest.xml:7:5-9:41
MERGED from [com.github.pinguo-zhouwei:MZBannerView:v2.0.2] AndroidManifest.xml:7:5-9:41
MERGED from [com.github.pinguo-zhouwei:MZBannerView:v2.0.2] AndroidManifest.xml:7:5-9:41
MERGED from [com.yuyh.easyadapter:library:1.1.0] AndroidManifest.xml:7:5-9:41
MERGED from [com.yuyh.easyadapter:library:1.1.0] AndroidManifest.xml:7:5-9:41
MERGED from [com.android.support:appcompat-v7:28.0.0] AndroidManifest.xml:20:5-44
MERGED from [com.android.support:appcompat-v7:28.0.0] AndroidManifest.xml:20:5-44
MERGED from [com.android.support:support-v4:28.0.0] AndroidManifest.xml:20:5-44
MERGED from [com.android.support:support-v4:28.0.0] AndroidManifest.xml:20:5-44
MERGED from [net.cachapa.expandablelayout:expandablelayout:2.9.2] AndroidManifest.xml:8:5-10:41
MERGED from [net.cachapa.expandablelayout:expandablelayout:2.9.2] AndroidManifest.xml:8:5-10:41
MERGED from [com.gordonwong:material-sheet-fab:1.2.1] AndroidManifest.xml:6:5-8:41
MERGED from [com.gordonwong:material-sheet-fab:1.2.1] AndroidManifest.xml:6:5-8:41
MERGED from [com.android.support.constraint:constraint-layout:1.1.3] AndroidManifest.xml:5:5-7:41
MERGED from [com.android.support.constraint:constraint-layout:1.1.3] AndroidManifest.xml:5:5-7:41
MERGED from [tyrantgit:explosionfield:1.0.1] AndroidManifest.xml:7:5-9:41
MERGED from [tyrantgit:explosionfield:1.0.1] AndroidManifest.xml:7:5-9:41
MERGED from [jp.wasabeef:glide-transformations:2.0.1] AndroidManifest.xml:8:5-10:41
MERGED from [jp.wasabeef:glide-transformations:2.0.1] AndroidManifest.xml:8:5-10:41
MERGED from [com.github.bumptech.glide:glide:4.9.0] AndroidManifest.xml:6:5-8:41
MERGED from [com.github.bumptech.glide:glide:4.9.0] AndroidManifest.xml:6:5-8:41
MERGED from [com.azoft.carousellayoutmanager:carousel:1.2.4] AndroidManifest.xml:7:5-9:41
MERGED from [com.azoft.carousellayoutmanager:carousel:1.2.4] AndroidManifest.xml:7:5-9:41
MERGED from [com.bm.photoview:library:1.4.1] AndroidManifest.xml:7:5-9:41
MERGED from [com.bm.photoview:library:1.4.1] AndroidManifest.xml:7:5-9:41
MERGED from [com.github.clans:fab:1.6.4] AndroidManifest.xml:8:5-10:41
MERGED from [com.github.clans:fab:1.6.4] AndroidManifest.xml:8:5-10:41
MERGED from [com.github.lzyzsd:circleprogress:1.2.1] AndroidManifest.xml:8:5-10:41